<?xml version="1.0" encoding="UTF-8"?>
<testsuite name="com.da.itdaing.domain.user.UserRepositoryTest" tests="3" skipped="0" failures="0" errors="0" timestamp="2025-11-01T14:42:52.380Z" hostname="JangJu.local" time="0.351">
  <properties/>
  <testcase name="사용자를_저장하고_조회할_수_있다()" classname="com.da.itdaing.domain.user.UserRepositoryTest" time="0.337"/>
  <testcase name="동일한_이메일로_중복_가입할_수_없다()" classname="com.da.itdaing.domain.user.UserRepositoryTest" time="0.009"/>
  <testcase name="동일한_로그인ID로_중복_가입할_수_없다()" classname="com.da.itdaing.domain.user.UserRepositoryTest" time="0.003"/>
  <system-out><![CDATA[23:42:50.449 [Test worker] INFO org.springframework.test.context.support.AnnotationConfigContextLoaderUtils -- Could not detect default configuration classes for test class [com.da.itdaing.domain.user.UserRepositoryTest]: UserRepositoryTest does not declare any static, non-private, non-final, nested classes annotated with @Configuration.
23:42:50.562 [Test worker] INFO org.springframework.boot.test.context.SpringBootTestContextBootstrapper -- Found @SpringBootConfiguration com.da.itdaing.ItdaingServerApplication for test class com.da.itdaing.domain.user.UserRepositoryTest

  .   ____          _            __ _ _
 /\\ / ___'_ __ _ _(_)_ __  __ _ \ \ \ \
( ( )\___ | '_ | '_| | '_ \/ _` | \ \ \ \
 \\/  ___)| |_)| | | | | || (_| |  ) ) ) )
  '  |____| .__|_| |_|_| |_\__, | / / / /
 =========|_|==============|___/=/_/_/_/

 :: Spring Boot ::                (v3.5.6)

2025-11-01T23:42:50.765+09:00  INFO 72481 --- [    Test worker] c.d.i.domain.user.UserRepositoryTest     : Starting UserRepositoryTest using Java 21.0.8 with PID 72481 (started by j_jchani in /Users/j_jchani/Desktop/인공지능사관학교/다잇다잉/itdaing-server)
2025-11-01T23:42:50.765+09:00  INFO 72481 --- [    Test worker] c.d.i.domain.user.UserRepositoryTest     : The following 1 profile is active: "test"
2025-11-01T23:42:50.975+09:00  INFO 72481 --- [    Test worker] .s.d.r.c.RepositoryConfigurationDelegate : Bootstrapping Spring Data JPA repositories in DEFAULT mode.
2025-11-01T23:42:51.039+09:00  INFO 72481 --- [    Test worker] .s.d.r.c.RepositoryConfigurationDelegate : Finished Spring Data repository scanning in 59 ms. Found 31 JPA repository interfaces.
2025-11-01T23:42:51.074+09:00  INFO 72481 --- [    Test worker] beddedDataSourceBeanFactoryPostProcessor : Replacing 'dataSource' DataSource bean with embedded version
2025-11-01T23:42:51.138+09:00  INFO 72481 --- [    Test worker] o.s.j.d.e.EmbeddedDatabaseFactory        : Starting embedded database: url='jdbc:h2:mem:35c1ad64-e8a4-4733-9322-fa62b708ad25;DB_CLOSE_DELAY=-1;DB_CLOSE_ON_EXIT=false', username='sa'
2025-11-01T23:42:51.271+09:00  INFO 72481 --- [    Test worker] o.hibernate.jpa.internal.util.LogHelper  : HHH000204: Processing PersistenceUnitInfo [name: default]
2025-11-01T23:42:51.296+09:00  INFO 72481 --- [    Test worker] org.hibernate.Version                    : HHH000412: Hibernate ORM core version 6.6.29.Final
2025-11-01T23:42:51.311+09:00  INFO 72481 --- [    Test worker] o.h.c.internal.RegionFactoryInitiator    : HHH000026: Second-level cache disabled
2025-11-01T23:42:51.433+09:00  INFO 72481 --- [    Test worker] o.s.o.j.p.SpringPersistenceUnitInfo      : No LoadTimeWeaver setup: ignoring JPA class transformer
2025-11-01T23:42:51.470+09:00  INFO 72481 --- [    Test worker] org.hibernate.orm.connections.pooling    : HHH10001005: Database info:
	Database JDBC URL [Connecting through datasource 'org.springframework.jdbc.datasource.embedded.EmbeddedDatabaseFactory$EmbeddedDataSourceProxy@3ec082a1']
	Database driver: undefined/unknown
	Database version: 2.3.232
	Autocommit mode: undefined/unknown
	Isolation level: undefined/unknown
	Minimum pool size: undefined/unknown
	Maximum pool size: undefined/unknown
2025-11-01T23:42:52.033+09:00  INFO 72481 --- [    Test worker] o.h.e.t.j.p.i.JtaPlatformInitiator       : HHH000489: No JTA platform available (set 'hibernate.transaction.jta.platform' to enable JTA platform integration)
Hibernate: 
    drop table if exists announcement cascade 
Hibernate: 
    drop table if exists approval_record cascade 
Hibernate: 
    drop table if exists category cascade 
Hibernate: 
    drop table if exists consumer_profile cascade 
Hibernate: 
    drop table if exists daily_consumer_recommendation cascade 
Hibernate: 
    drop table if exists daily_seller_recommendation cascade 
Hibernate: 
    drop table if exists event_log cascade 
Hibernate: 
    drop table if exists event_log_category cascade 
Hibernate: 
    drop table if exists feature cascade 
Hibernate: 
    drop table if exists message cascade 
Hibernate: 
    drop table if exists message_attachment cascade 
Hibernate: 
    drop table if exists metric_daily_category cascade 
Hibernate: 
    drop table if exists metric_daily_popup cascade 
Hibernate: 
    drop table if exists popup cascade 
Hibernate: 
    drop table if exists popup_category cascade 
Hibernate: 
    drop table if exists popup_feature cascade 
Hibernate: 
    drop table if exists popup_image cascade 
Hibernate: 
    drop table if exists region cascade 
Hibernate: 
    drop table if exists review cascade 
Hibernate: 
    drop table if exists review_image cascade 
Hibernate: 
    drop table if exists seller_profile cascade 
Hibernate: 
    drop table if exists style cascade 
Hibernate: 
    drop table if exists user_pref_category cascade 
Hibernate: 
    drop table if exists user_pref_region cascade 
Hibernate: 
    drop table if exists user_pref_style cascade 
Hibernate: 
    drop table if exists user_reco_dismissal cascade 
Hibernate: 
    drop table if exists users cascade 
Hibernate: 
    drop table if exists wishlist cascade 
Hibernate: 
    drop table if exists zone_area cascade 
Hibernate: 
    drop table if exists zone_availability cascade 
Hibernate: 
    drop table if exists zone_cell cascade 
Hibernate: 
    create table announcement (
        author_id bigint not null,
        created_at timestamp(6) not null,
        id bigint generated by default as identity,
        popup_id bigint,
        title varchar(200) not null,
        content TEXT,
        audience enum ('ALL','USER','VENDOR') not null,
        primary key (id)
    )
Hibernate: 
    create table approval_record (
        admin_id bigint not null,
        created_at timestamp(6) not null,
        id bigint generated by default as identity,
        target_id bigint not null,
        target_type varchar(20) not null,
        reason varchar(1000),
        decision enum ('APPROVE','REJECT') not null,
        primary key (id)
    )
Hibernate: 
    create table category (
        created_at timestamp(6) not null,
        id bigint generated by default as identity,
        updated_at timestamp(6) not null,
        name varchar(100) not null,
        type enum ('CONSUMER','POPUP') not null,
        primary key (id),
        constraint uk_category_type_name unique (type, name)
    )
Hibernate: 
    create table consumer_profile (
        age_group integer,
        created_at timestamp(6) not null,
        updated_at timestamp(6) not null,
        user_id bigint not null,
        primary key (user_id)
    )
Hibernate: 
    create table daily_consumer_recommendation (
        recommendation_date date not null,
        score numeric(6,3) not null,
        consumer_id bigint not null,
        created_at timestamp(6) not null,
        id bigint generated by default as identity,
        popup_id bigint not null,
        updated_at timestamp(6) not null,
        model_version varchar(50),
        reason_json TEXT,
        primary key (id),
        constraint uk_dcr_dedup unique (consumer_id, recommendation_date, popup_id)
    )
Hibernate: 
    create table daily_seller_recommendation (
        recommendation_date date not null,
        score numeric(6,3) not null,
        created_at timestamp(6) not null,
        id bigint generated by default as identity,
        seller_id bigint not null,
        updated_at timestamp(6) not null,
        zone_area_id bigint not null,
        model_version varchar(50),
        reason_json TEXT,
        primary key (id),
        constraint uk_dsr_dedup unique (seller_id, recommendation_date, zone_area_id)
    )
Hibernate: 
    create table event_log (
        created_at timestamp(6) not null,
        id bigint generated by default as identity,
        popup_id bigint,
        user_id bigint,
        zone_cell_id bigint,
        action_type enum ('CLICK','FAVORITE','REVIEW','VIEW') not null,
        primary key (id)
    )
Hibernate: 
    create table event_log_category (
        category_id bigint not null,
        created_at timestamp(6) not null,
        id bigint generated by default as identity,
        user_id bigint,
        action_type enum ('CLICK','FAVORITE','REVIEW','VIEW') not null,
        primary key (id)
    )
Hibernate: 
    create table feature (
        created_at timestamp(6) not null,
        id bigint generated by default as identity,
        updated_at timestamp(6) not null,
        name varchar(100) not null unique,
        primary key (id)
    )
Hibernate: 
    create table message (
        id bigint generated by default as identity,
        read_at timestamp(6),
        receiver_id bigint not null,
        sender_id bigint not null,
        sent_at timestamp(6) not null,
        title varchar(200) not null,
        content TEXT,
        primary key (id)
    )
Hibernate: 
    create table message_attachment (
        id bigint generated by default as identity,
        message_id bigint not null,
        mime_type varchar(100),
        file_url varchar(500) not null,
        primary key (id)
    )
Hibernate: 
    create table metric_daily_category (
        clicks integer not null,
        date date not null,
        category_id bigint not null,
        id bigint generated by default as identity,
        primary key (id),
        constraint uk_mdc_cat_date unique (category_id, date)
    )
Hibernate: 
    create table metric_daily_popup (
        date date not null,
        favorites integer not null,
        reviews integer not null,
        unique_users integer not null,
        views integer not null,
        id bigint generated by default as identity,
        popup_id bigint not null,
        primary key (id),
        constraint uk_mdp_popup_date unique (popup_id, date)
    )
Hibernate: 
    create table popup (
        end_date date,
        start_date date,
        created_at timestamp(6) not null,
        id bigint generated by default as identity,
        seller_id bigint not null,
        updated_at timestamp(6) not null,
        view_count bigint not null,
        zone_cell_id bigint not null,
        operating_time varchar(50),
        name varchar(200) not null,
        rejection_reason varchar(500),
        description TEXT,
        approval_status enum ('APPROVED','PENDING','REJECTED') not null,
        primary key (id)
    )
Hibernate: 
    create table popup_category (
        category_id bigint not null,
        id bigint generated by default as identity,
        popup_id bigint not null,
        category_role varchar(20) not null,
        primary key (id),
        constraint uk_popup_category unique (popup_id, category_id, category_role)
    )
Hibernate: 
    create table popup_feature (
        feature_id bigint not null,
        id bigint generated by default as identity,
        popup_id bigint not null,
        primary key (id),
        constraint uk_popup_feature unique (popup_id, feature_id)
    )
Hibernate: 
    create table popup_image (
        is_thumbnail boolean not null,
        created_at timestamp(6) not null,
        id bigint generated by default as identity,
        popup_id bigint not null,
        image_url varchar(500) not null,
        primary key (id)
    )
Hibernate: 
    create table region (
        created_at timestamp(6) not null,
        id bigint generated by default as identity,
        updated_at timestamp(6) not null,
        name varchar(100) not null unique,
        primary key (id)
    )
Hibernate: 
    create table review (
        rating tinyint not null,
        consumer_id bigint not null,
        created_at timestamp(6) not null,
        id bigint generated by default as identity,
        popup_id bigint not null,
        content varchar(150),
        primary key (id),
        constraint uk_review_once unique (consumer_id, popup_id)
    )
Hibernate: 
    create table review_image (
        created_at timestamp(6) not null,
        id bigint generated by default as identity,
        review_id bigint not null,
        image_url varchar(500) not null,
        primary key (id)
    )
Hibernate: 
    create table seller_profile (
        created_at timestamp(6) not null,
        updated_at timestamp(6) not null,
        user_id bigint not null,
        activity_region varchar(100),
        introduction varchar(200),
        sns_url varchar(200),
        profile_image_url varchar(500),
        primary key (user_id)
    )
Hibernate: 
    create table style (
        created_at timestamp(6) not null,
        id bigint generated by default as identity,
        updated_at timestamp(6) not null,
        name varchar(100) not null unique,
        primary key (id)
    )
Hibernate: 
    create table user_pref_category (
        category_id bigint not null,
        created_at timestamp(6) not null,
        id bigint generated by default as identity,
        user_id bigint not null,
        primary key (id),
        constraint uk_user_category unique (user_id, category_id)
    )
Hibernate: 
    create table user_pref_region (
        created_at timestamp(6) not null,
        id bigint generated by default as identity,
        region_id bigint not null,
        user_id bigint not null,
        primary key (id),
        constraint uk_user_region unique (user_id, region_id)
    )
Hibernate: 
    create table user_pref_style (
        created_at timestamp(6) not null,
        id bigint generated by default as identity,
        style_id bigint not null,
        user_id bigint not null,
        primary key (id),
        constraint uk_user_style unique (user_id, style_id)
    )
Hibernate: 
    create table user_reco_dismissal (
        date date not null,
        consumer_id bigint not null,
        dismissed_at timestamp(6) not null,
        id bigint generated by default as identity,
        popup_id bigint not null,
        primary key (id),
        constraint uk_reco_dismiss unique (consumer_id, date, popup_id)
    )
Hibernate: 
    create table users (
        age_group integer,
        created_at timestamp(6) not null,
        id bigint generated by default as identity,
        updated_at timestamp(6) not null,
        login_id varchar(100) not null unique,
        name varchar(100),
        nickname varchar(100),
        email varchar(255) not null unique,
        password varchar(255) not null,
        role enum ('ADMIN','CONSUMER','SELLER') not null,
        primary key (id)
    )
Hibernate: 
    create table wishlist (
        created_at timestamp(6) not null,
        id bigint generated by default as identity,
        popup_id bigint not null,
        user_id bigint not null,
        primary key (id),
        constraint uk_wishlist unique (user_id, popup_id)
    )
Hibernate: 
    create table zone_area (
        created_at timestamp(6) not null,
        id bigint generated by default as identity,
        region_id bigint not null,
        updated_at timestamp(6) not null,
        name varchar(100) not null,
        geometry_data TEXT,
        primary key (id)
    )
Hibernate: 
    create table zone_availability (
        daily_price numeric(14,2) not null,
        end_date date not null,
        max_concurrent_slots integer not null,
        start_date date not null,
        created_at timestamp(6) not null,
        id bigint generated by default as identity,
        updated_at timestamp(6) not null,
        zone_cell_id bigint not null,
        status varchar(20) not null,
        primary key (id)
    )
Hibernate: 
    create table zone_cell (
        lat float(53),
        lng float(53),
        created_at timestamp(6) not null,
        id bigint generated by default as identity,
        updated_at timestamp(6) not null,
        zone_area_id bigint not null,
        label varchar(100),
        detailed_address varchar(255),
        primary key (id)
    )
Hibernate: 
    create index idx_announce_scope 
       on announcement (audience, popup_id, created_at)
Hibernate: 
    create index idx_approval_target 
       on approval_record (target_type, target_id, created_at)
Hibernate: 
    create index idx_evt_popup_time 
       on event_log (popup_id, created_at)
Hibernate: 
    create index idx_evt_zone_time 
       on event_log (zone_cell_id, created_at)
Hibernate: 
    create index idx_evt_user_time 
       on event_log (user_id, created_at)
Hibernate: 
    create index idx_evt_cat_time 
       on event_log_category (category_id, created_at)
Hibernate: 
    create index idx_msg_inbox 
       on message (receiver_id, read_at)
Hibernate: 
    create index idx_popup_seller 
       on popup (seller_id)
Hibernate: 
    create index idx_popup_cell 
       on popup (zone_cell_id)
Hibernate: 
    create index idx_popup_status 
       on popup (approval_status)
Hibernate: 
    create index idx_popup_period 
       on popup (start_date, end_date)
Hibernate: 
    create index idx_popup_img_thumb 
       on popup_image (popup_id, is_thumbnail)
Hibernate: 
    create index idx_review_sort 
       on review (popup_id, rating, created_at)
Hibernate: 
    create index idx_review_img_review 
       on review_image (review_id)
Hibernate: 
    create index idx_users_role 
       on users (role)
Hibernate: 
    create index idx_zone_area_region 
       on zone_area (region_id)
Hibernate: 
    create index idx_zone_avail_range 
       on zone_availability (zone_cell_id, start_date, end_date)
Hibernate: 
    create index idx_zone_cell_area 
       on zone_cell (zone_area_id)
Hibernate: 
    alter table if exists announcement 
       add constraint FK249i8v3gnoyqub16pfnb60352 
       foreign key (author_id) 
       references users
Hibernate: 
    alter table if exists announcement 
       add constraint FK6r7xbspfphb15001lq8qv6uqf 
       foreign key (popup_id) 
       references popup
Hibernate: 
    alter table if exists approval_record 
       add constraint FKc0eqxajfnqymdm2y3eftpo9bk 
       foreign key (admin_id) 
       references users
Hibernate: 
    alter table if exists consumer_profile 
       add constraint FKn078sxkppyjuggd8nsojh939n 
       foreign key (user_id) 
       references users
Hibernate: 
    alter table if exists daily_consumer_recommendation 
       add constraint FKt0q0vo1a9b46b41f6dvebgoun 
       foreign key (consumer_id) 
       references users
Hibernate: 
    alter table if exists daily_consumer_recommendation 
       add constraint FK2d8velobvkyshk2pkirhpcgls 
       foreign key (popup_id) 
       references popup
Hibernate: 
    alter table if exists daily_seller_recommendation 
       add constraint FK63aoogwsggpq6c2dvt9468bvh 
       foreign key (seller_id) 
       references users
Hibernate: 
    alter table if exists daily_seller_recommendation 
       add constraint FK6tyic2meh0pk1jocudb1omnwe 
       foreign key (zone_area_id) 
       references zone_area
Hibernate: 
    alter table if exists event_log 
       add constraint FKjsgt5imyp3owkn31r7wra7awc 
       foreign key (popup_id) 
       references popup
Hibernate: 
    alter table if exists event_log 
       add constraint FK5suo161qrly45vrg00lqhqrn8 
       foreign key (user_id) 
       references users
Hibernate: 
    alter table if exists event_log 
       add constraint FKd7etff96kikgfyaga6qp58v6b 
       foreign key (zone_cell_id) 
       references zone_cell
Hibernate: 
    alter table if exists event_log_category 
       add constraint FK8msrdanvvgijol9nlx1ij9h9g 
       foreign key (category_id) 
       references category
Hibernate: 
    alter table if exists event_log_category 
       add constraint FKsaomyuq9k5y1sr7ida9kr173g 
       foreign key (user_id) 
       references users
Hibernate: 
    alter table if exists message 
       add constraint FK9a25x9o5r7wguarxeon2a9tmr 
       foreign key (receiver_id) 
       references users
Hibernate: 
    alter table if exists message 
       add constraint FKbi5avhe69aol2mb1lnm6r4o2p 
       foreign key (sender_id) 
       references users
Hibernate: 
    alter table if exists message_attachment 
       add constraint FKjy2qr5ok9lfr6m7nss2fywqjn 
       foreign key (message_id) 
       references message
Hibernate: 
    alter table if exists metric_daily_category 
       add constraint FKoj23yw8ika5k12oyuwbvw6sew 
       foreign key (category_id) 
       references category
Hibernate: 
    alter table if exists metric_daily_popup 
       add constraint FKnogr66mla4rqqyihpy2a2kyq4 
       foreign key (popup_id) 
       references popup
Hibernate: 
    alter table if exists popup 
       add constraint FK99oldt33ew06qpvfstmb0grxt 
       foreign key (seller_id) 
       references users
Hibernate: 
    alter table if exists popup 
       add constraint FK3xjjf10hn5h52w0d874e9kb9d 
       foreign key (zone_cell_id) 
       references zone_cell
Hibernate: 
    alter table if exists popup_category 
       add constraint FKl9frk79wt67pvfivow391xmia 
       foreign key (category_id) 
       references category
Hibernate: 
    alter table if exists popup_category 
       add constraint FKrtarr4gr3qkvi7td609anvjvk 
       foreign key (popup_id) 
       references popup
Hibernate: 
    alter table if exists popup_feature 
       add constraint FKeqt1t9kwensa7ykatnug48wga 
       foreign key (feature_id) 
       references feature
Hibernate: 
    alter table if exists popup_feature 
       add constraint FKicpfmnbpp01gsb20yiacpe6k0 
       foreign key (popup_id) 
       references popup
Hibernate: 
    alter table if exists popup_image 
       add constraint FKp3bfq9ft7gwtg5j8qrojwbg2l 
       foreign key (popup_id) 
       references popup
Hibernate: 
    alter table if exists review 
       add constraint FKkvxydnv4lo2jfn5y76xaoy209 
       foreign key (consumer_id) 
       references users
Hibernate: 
    alter table if exists review 
       add constraint FKla741qqvmauqmkx4ima7jr2iu 
       foreign key (popup_id) 
       references popup
Hibernate: 
    alter table if exists review_image 
       add constraint FK16wp089tx9nm0obc217gvdd6l 
       foreign key (review_id) 
       references review
Hibernate: 
    alter table if exists seller_profile 
       add constraint FKf854s8hpo7qra8foxv6rfosjl 
       foreign key (user_id) 
       references users
Hibernate: 
    alter table if exists user_pref_category 
       add constraint FKkyffm8lv64qdgrmiyxidtrsvi 
       foreign key (category_id) 
       references category
Hibernate: 
    alter table if exists user_pref_category 
       add constraint FK2v4beseic1julwbqrk1g4twcm 
       foreign key (user_id) 
       references users
Hibernate: 
    alter table if exists user_pref_region 
       add constraint FKs43nm9c0ssorxmvqqg20gm9cc 
       foreign key (region_id) 
       references region
Hibernate: 
    alter table if exists user_pref_region 
       add constraint FKq6grtif6crbywfe9kihb4f9w1 
       foreign key (user_id) 
       references users
Hibernate: 
    alter table if exists user_pref_style 
       add constraint FK24lg7pb54dri0hnrvacte3n95 
       foreign key (style_id) 
       references style
Hibernate: 
    alter table if exists user_pref_style 
       add constraint FKfu3xkk17kae8y2mgli5evfeck 
       foreign key (user_id) 
       references users
Hibernate: 
    alter table if exists user_reco_dismissal 
       add constraint FKd1dakmtdegwd845gtmualkr2w 
       foreign key (consumer_id) 
       references users
Hibernate: 
    alter table if exists user_reco_dismissal 
       add constraint FKt80001tkbyawhe04qnr1s7lm2 
       foreign key (popup_id) 
       references popup
Hibernate: 
    alter table if exists wishlist 
       add constraint FKmqsmskyvtu01dmp4g4w6isap1 
       foreign key (popup_id) 
       references popup
Hibernate: 
    alter table if exists wishlist 
       add constraint FKtrd6335blsefl2gxpb8lr0gr7 
       foreign key (user_id) 
       references users
Hibernate: 
    alter table if exists zone_area 
       add constraint FKhe4mdm3tfdo4flhi8pr1h1s5v 
       foreign key (region_id) 
       references region
Hibernate: 
    alter table if exists zone_availability 
       add constraint FKj28l4drtgm149tpcnn4gfr4cr 
       foreign key (zone_cell_id) 
       references zone_cell
Hibernate: 
    alter table if exists zone_cell 
       add constraint FKgo71n77fekcsh6312tc6e6pg4 
       foreign key (zone_area_id) 
       references zone_area
2025-11-01T23:42:52.102+09:00  INFO 72481 --- [    Test worker] j.LocalContainerEntityManagerFactoryBean : Initialized JPA EntityManagerFactory for persistence unit 'default'
2025-11-01T23:42:52.378+09:00  INFO 72481 --- [    Test worker] c.d.i.domain.user.UserRepositoryTest     : Started UserRepositoryTest in 1.779 seconds (process running for 2.423)
Hibernate: 
    insert 
    into
        users
        (age_group, created_at, email, login_id, name, nickname, password, role, updated_at, id) 
    values
        (?, ?, ?, ?, ?, ?, ?, ?, ?, default)
Hibernate: 
    insert 
    into
        users
        (age_group, created_at, email, login_id, name, nickname, password, role, updated_at, id) 
    values
        (?, ?, ?, ?, ?, ?, ?, ?, ?, default)
Hibernate: 
    insert 
    into
        users
        (age_group, created_at, email, login_id, name, nickname, password, role, updated_at, id) 
    values
        (?, ?, ?, ?, ?, ?, ?, ?, ?, default)
2025-11-01T23:42:52.724+09:00  WARN 72481 --- [    Test worker] o.h.engine.jdbc.spi.SqlExceptionHelper   : SQL Error: 23505, SQLState: 23505
2025-11-01T23:42:52.724+09:00 ERROR 72481 --- [    Test worker] o.h.engine.jdbc.spi.SqlExceptionHelper   : Unique index or primary key violation: "PUBLIC.CONSTRAINT_INDEX_4D4 ON PUBLIC.USERS(EMAIL NULLS FIRST) VALUES ( /* 2 */ 'same@example.com' )"; SQL statement:
insert into users (age_group,created_at,email,login_id,name,nickname,password,role,updated_at,id) values (?,?,?,?,?,?,?,?,?,default) [23505-232]
Hibernate: 
    insert 
    into
        users
        (age_group, created_at, email, login_id, name, nickname, password, role, updated_at, id) 
    values
        (?, ?, ?, ?, ?, ?, ?, ?, ?, default)
Hibernate: 
    insert 
    into
        users
        (age_group, created_at, email, login_id, name, nickname, password, role, updated_at, id) 
    values
        (?, ?, ?, ?, ?, ?, ?, ?, ?, default)
2025-11-01T23:42:52.731+09:00  WARN 72481 --- [    Test worker] o.h.engine.jdbc.spi.SqlExceptionHelper   : SQL Error: 23505, SQLState: 23505
2025-11-01T23:42:52.731+09:00 ERROR 72481 --- [    Test worker] o.h.engine.jdbc.spi.SqlExceptionHelper   : Unique index or primary key violation: "PUBLIC.CONSTRAINT_INDEX_4D ON PUBLIC.USERS(LOGIN_ID NULLS FIRST) VALUES ( /* 4 */ 'samelogin' )"; SQL statement:
insert into users (age_group,created_at,email,login_id,name,nickname,password,role,updated_at,id) values (?,?,?,?,?,?,?,?,?,default) [23505-232]
]]></system-out>
  <system-err><![CDATA[Mockito is currently self-attaching to enable the inline-mock-maker. This will no longer work in future releases of the JDK. Please add Mockito as an agent to your build as described in Mockito's documentation: https://javadoc.io/doc/org.mockito/mockito-core/latest/org.mockito/org/mockito/Mockito.html#0.3
WARNING: A Java agent has been loaded dynamically (/Users/j_jchani/.gradle/caches/modules-2/files-2.1/net.bytebuddy/byte-buddy-agent/1.17.7/fbf3d6d649ed37fc9e9c59480a05be0a26e3c2da/byte-buddy-agent-1.17.7.jar)
WARNING: If a serviceability tool is in use, please run with -XX:+EnableDynamicAgentLoading to hide this warning
WARNING: If a serviceability tool is not in use, please run with -Djdk.instrument.traceUsage for more information
WARNING: Dynamic loading of agents will be disallowed by default in a future release
]]></system-err>
</testsuite>
